Obtaining file:///private/tmp/nlm2pr-macos26-m2pro16gb-clean-pull-20260614T021404Z
  Installing build dependencies: started
  Installing build dependencies: finished with status 'done'
  Checking if build backend supports build_editable: started
  Checking if build backend supports build_editable: finished with status 'done'
  Getting requirements to build editable: started
  Getting requirements to build editable: finished with status 'done'
  Preparing editable metadata (pyproject.toml): started
  Preparing editable metadata (pyproject.toml): finished with status 'done'
Collecting numpy (from mlx-ideogram4==0.1.0)
  Obtaining dependency information for numpy from https://files.pythonhosted.org/packages/ad/40/40a40ee0ddf7ceb782c49af278894b686e586d65d8c1889c8b5da01a3d7d/numpy-2.4.6-cp311-cp311-macosx_14_0_arm64.whl.metadata
  Downloading numpy-2.4.6-cp311-cp311-macosx_14_0_arm64.whl.metadata (6.6 kB)
Collecting safetensors (from mlx-ideogram4==0.1.0)
  Obtaining dependency information for safetensors from https://files.pythonhosted.org/packages/f5/b1/fa7c600e7dceae12e9606c7578cbc9ff1e1ed55844883ee5c92205e86226/safetensors-0.8.0-cp310-abi3-macosx_11_0_arm64.whl.metadata
  Downloading safetensors-0.8.0-cp310-abi3-macosx_11_0_arm64.whl.metadata (4.2 kB)
Collecting huggingface-hub (from mlx-ideogram4==0.1.0)
  Obtaining dependency information for huggingface-hub from https://files.pythonhosted.org/packages/b2/a5/558da89f66464d8d0229ff497e8b8666977de2d8cf48c28a2862ecf1250f/huggingface_hub-1.19.0-py3-none-any.whl.metadata
  Downloading huggingface_hub-1.19.0-py3-none-any.whl.metadata (14 kB)
Collecting transformers (from mlx-ideogram4==0.1.0)
  Obtaining dependency information for transformers from https://files.pythonhosted.org/packages/ff/1f/d385913c38e900d23b728a4188fee625f2fccb306aeebc59be9d91404a5a/transformers-5.12.0-py3-none-any.whl.metadata
  Downloading transformers-5.12.0-py3-none-any.whl.metadata (33 kB)
Collecting pillow (from mlx-ideogram4==0.1.0)
  Obtaining dependency information for pillow from https://files.pythonhosted.org/packages/47/a1/d5ff69e747374c33a3b53b9f98cca7889fce1fd03d79cdc4e1bccc6c5a87/pillow-12.2.0-cp311-cp311-macosx_11_0_arm64.whl.metadata
  Downloading pillow-12.2.0-cp311-cp311-macosx_11_0_arm64.whl.metadata (8.8 kB)
Collecting tqdm (from mlx-ideogram4==0.1.0)
  Obtaining dependency information for tqdm from https://files.pythonhosted.org/packages/eb/75/1a0392bcc21c44dcdf87b3cf2d137e7829be2c083a1e38d44efca3d57a16/tqdm-4.68.2-py3-none-any.whl.metadata
  Downloading tqdm-4.68.2-py3-none-any.whl.metadata (58 kB)
     ━━━━━━━━━━━━━━━━━━━━━━━━━━━━━━━━━━━━━━━━ 58.7/58.7 kB 8.9 MB/s eta 0:00:00
Collecting mlx-lm (from mlx-ideogram4==0.1.0)
  Obtaining dependency information for mlx-lm from https://files.pythonhosted.org/packages/90/02/9a67b8e4f87e3e2e5cd7b1ad79304b93c09a0db6af34bee75e6551c06c60/mlx_lm-0.31.3-py3-none-any.whl.metadata
  Downloading mlx_lm-0.31.3-py3-none-any.whl.metadata (9.5 kB)
Collecting mlx-vlm (from mlx-ideogram4==0.1.0)
  Obtaining dependency information for mlx-vlm from https://files.pythonhosted.org/packages/95/47/196df650f46f046060c695c3b2378e09afdbe132abfbff7d6fce076b4968/mlx_vlm-0.6.3-py3-none-any.whl.metadata
  Downloading mlx_vlm-0.6.3-py3-none-any.whl.metadata (47 kB)
     ━━━━━━━━━━━━━━━━━━━━━━━━━━━━━━━━━━━━━━━━ 47.4/47.4 kB 4.5 MB/s eta 0:00:00
Collecting click>=8.4.0 (from huggingface-hub->mlx-ideogram4==0.1.0)
  Obtaining dependency information for click>=8.4.0 from https://files.pythonhosted.org/packages/c7/0d/67e5b4109ea4a837e80daa87c2c696711955e40449a97e8926672534def2/click-8.4.1-py3-none-any.whl.metadata
  Downloading click-8.4.1-py3-none-any.whl.metadata (2.6 kB)
Collecting filelock>=3.10.0 (from huggingface-hub->mlx-ideogram4==0.1.0)
  Obtaining dependency information for filelock>=3.10.0 from https://files.pythonhosted.org/packages/13/37/a065dc3bd6e49423a6532c642ca7378d3f467b1ef44c2800c937af7f9739/filelock-3.29.4-py3-none-any.whl.metadata
  Downloading filelock-3.29.4-py3-none-any.whl.metadata (2.0 kB)
Collecting fsspec>=2023.5.0 (from huggingface-hub->mlx-ideogram4==0.1.0)
  Obtaining dependency information for fsspec>=2023.5.0 from https://files.pythonhosted.org/packages/d5/0c/043d5e551459da400957a1395e0febbf771446ff34291afcbe3d8be2a279/fsspec-2026.4.0-py3-none-any.whl.metadata
  Downloading fsspec-2026.4.0-py3-none-any.whl.metadata (10 kB)
Collecting hf-xet<2.0.0,>=1.5.1 (from huggingface-hub->mlx-ideogram4==0.1.0)
  Obtaining dependency information for hf-xet<2.0.0,>=1.5.1 from https://files.pythonhosted.org/packages/35/94/4b2ecfbad8f8b04701a23aefb62f540b9137d058b7e1dbef16a32676f0e9/hf_xet-1.5.1-cp37-abi3-macosx_11_0_arm64.whl.metadata
  Downloading hf_xet-1.5.1-cp37-abi3-macosx_11_0_arm64.whl.metadata (4.9 kB)
Collecting httpx<1,>=0.23.0 (from huggingface-hub->mlx-ideogram4==0.1.0)
  Obtaining dependency information for httpx<1,>=0.23.0 from https://files.pythonhosted.org/packages/2a/39/e50c7c3a983047577ee07d2a9e53faf5a69493943ec3f6a384bdc792deb2/httpx-0.28.1-py3-none-any.whl.metadata
  Downloading httpx-0.28.1-py3-none-any.whl.metadata (7.1 kB)
Collecting packaging>=20.9 (from huggingface-hub->mlx-ideogram4==0.1.0)
  Obtaining dependency information for packaging>=20.9 from https://files.pythonhosted.org/packages/df/b2/87e62e8c3e2f4b32e5fe99e0b86d576da1312593b39f47d8ceef365e95ed/packaging-26.2-py3-none-any.whl.metadata
  Using cached packaging-26.2-py3-none-any.whl.metadata (3.5 kB)
Collecting pyyaml>=5.1 (from huggingface-hub->mlx-ideogram4==0.1.0)
  Obtaining dependency information for pyyaml>=5.1 from https://files.pythonhosted.org/packages/16/19/13de8e4377ed53079ee996e1ab0a9c33ec2faf808a4647b7b4c0d46dd239/pyyaml-6.0.3-cp311-cp311-macosx_11_0_arm64.whl.metadata
  Downloading pyyaml-6.0.3-cp311-cp311-macosx_11_0_arm64.whl.metadata (2.4 kB)
Collecting typer<0.26.0,>=0.20.0 (from huggingface-hub->mlx-ideogram4==0.1.0)
  Obtaining dependency information for typer<0.26.0,>=0.20.0 from https://files.pythonhosted.org/packages/3f/f9/2b3ff4e56e5fa7debfaf9eb135d0da96f3e9a1d5b27222223c7296336e5f/typer-0.25.1-py3-none-any.whl.metadata
  Downloading typer-0.25.1-py3-none-any.whl.metadata (15 kB)
Collecting typing-extensions>=4.1.0 (from huggingface-hub->mlx-ideogram4==0.1.0)
  Obtaining dependency information for typing-extensions>=4.1.0 from https://files.pythonhosted.org/packages/18/67/36e9267722cc04a6b9f15c7f3441c2363321a3ea07da7ae0c0707beb2a9c/typing_extensions-4.15.0-py3-none-any.whl.metadata
  Downloading typing_extensions-4.15.0-py3-none-any.whl.metadata (3.3 kB)
Collecting mlx>=0.31.2 (from mlx-lm->mlx-ideogram4==0.1.0)
  Obtaining dependency information for mlx>=0.31.2 from https://files.pythonhosted.org/packages/97/b0/61ac2c14773c786fecbda28067b0207a0c654cb4d10c548808c51284d700/mlx-0.31.2-cp311-cp311-macosx_26_0_arm64.whl.metadata
  Downloading mlx-0.31.2-cp311-cp311-macosx_26_0_arm64.whl.metadata (5.9 kB)
Collecting sentencepiece (from mlx-lm->mlx-ideogram4==0.1.0)
  Obtaining dependency information for sentencepiece from https://files.pythonhosted.org/packages/bb/88/2b41e07bd24f33dcf2f18ec3b74247aa4af3526bad8907b8727ea3caba03/sentencepiece-0.2.1-cp311-cp311-macosx_11_0_arm64.whl.metadata
  Downloading sentencepiece-0.2.1-cp311-cp311-macosx_11_0_arm64.whl.metadata (10 kB)
Collecting protobuf (from mlx-lm->mlx-ideogram4==0.1.0)
  Obtaining dependency information for protobuf from https://files.pythonhosted.org/packages/10/03/8aeeb7458d22546bf64b5250ca1daeb5ff757d900e8e4a7476c6f0db843e/protobuf-7.35.1-cp310-abi3-macosx_10_9_universal2.whl.metadata
  Downloading protobuf-7.35.1-cp310-abi3-macosx_10_9_universal2.whl.metadata (595 bytes)
Collecting jinja2 (from mlx-lm->mlx-ideogram4==0.1.0)
  Obtaining dependency information for jinja2 from https://files.pythonhosted.org/packages/62/a1/3d680cbfd5f4b8f15abc1d571870c5fc3e594bb582bc3b64ea099db13e56/jinja2-3.1.6-py3-none-any.whl.metadata
  Downloading jinja2-3.1.6-py3-none-any.whl.metadata (2.9 kB)
Collecting regex>=2025.10.22 (from transformers->mlx-ideogram4==0.1.0)
  Obtaining dependency information for regex>=2025.10.22 from https://files.pythonhosted.org/packages/58/b6/14b2c84ff90ddb370c81d27503f4a0fcf071496416f4855f6cc8c5d81c35/regex-2026.5.9-cp311-cp311-macosx_11_0_arm64.whl.metadata
  Downloading regex-2026.5.9-cp311-cp311-macosx_11_0_arm64.whl.metadata (40 kB)
     ━━━━━━━━━━━━━━━━━━━━━━━━━━━━━━━━━━━━━━━━ 40.4/40.4 kB 5.3 MB/s eta 0:00:00
Collecting tokenizers<=0.23.0,>=0.22.0 (from transformers->mlx-ideogram4==0.1.0)
  Obtaining dependency information for tokenizers<=0.23.0,>=0.22.0 from https://files.pythonhosted.org/packages/2e/47/174dca0502ef88b28f1c9e06b73ce33500eedfac7a7692108aec220464e7/tokenizers-0.22.2-cp39-abi3-macosx_11_0_arm64.whl.metadata
  Downloading tokenizers-0.22.2-cp39-abi3-macosx_11_0_arm64.whl.metadata (7.3 kB)
Collecting datasets>=2.19.1 (from mlx-vlm->mlx-ideogram4==0.1.0)
  Obtaining dependency information for datasets>=2.19.1 from https://files.pythonhosted.org/packages/05/66/73034ad30b59f13439b75e620989dacba4c047256e358ba7c2e9ec98ea22/datasets-5.0.0-py3-none-any.whl.metadata
  Downloading datasets-5.0.0-py3-none-any.whl.metadata (23 kB)
Collecting miniaudio>=1.59 (from mlx-vlm->mlx-ideogram4==0.1.0)
  Obtaining dependency information for miniaudio>=1.59 from https://files.pythonhosted.org/packages/ea/c1/4b13ac3c36a2574e0d70f322246d80259606cd24523279f542abc9ac6063/miniaudio-1.71-cp311-cp311-macosx_11_0_arm64.whl.metadata
  Downloading miniaudio-1.71-cp311-cp311-macosx_11_0_arm64.whl.metadata (25 kB)
Collecting requests>=2.31.0 (from mlx-vlm->mlx-ideogram4==0.1.0)
  Obtaining dependency information for requests>=2.31.0 from https://files.pythonhosted.org/packages/a0/f4/c67b0b3f1b9245e8d266f0f112c500d50e5b4e83cb6f3b71b6528104182a/requests-2.34.2-py3-none-any.whl.metadata
  Downloading requests-2.34.2-py3-none-any.whl.metadata (4.8 kB)
Collecting llguidance>=1.7.0 (from mlx-vlm->mlx-ideogram4==0.1.0)
  Obtaining dependency information for llguidance>=1.7.0 from https://files.pythonhosted.org/packages/46/fe/bb185f11bad82f2637e3cd8cbf6b200cbb6ed56ac395de47ea05a60d4649/llguidance-1.7.6-cp39-abi3-macosx_11_0_arm64.whl.metadata
  Downloading llguidance-1.7.6-cp39-abi3-macosx_11_0_arm64.whl.metadata (10 kB)
Collecting mlx-audio>=0.4.3 (from mlx-vlm->mlx-ideogram4==0.1.0)
  Obtaining dependency information for mlx-audio>=0.4.3 from https://files.pythonhosted.org/packages/b8/4d/93ac0e0526591c856a1ea2cd00a41f31530d9e021cc95bc9400550926d51/mlx_audio-0.4.4-py3-none-any.whl.metadata
  Downloading mlx_audio-0.4.4-py3-none-any.whl.metadata (31 kB)
Collecting opencv-python>=4.12.0.88 (from mlx-vlm->mlx-ideogram4==0.1.0)
  Obtaining dependency information for opencv-python>=4.12.0.88 from https://files.pythonhosted.org/packages/fc/6f/5a28fef4c4a382be06afe3938c64cc168223016fa520c5abaf37e8862aa5/opencv_python-4.13.0.92-cp37-abi3-macosx_13_0_arm64.whl.metadata
  Downloading opencv_python-4.13.0.92-cp37-abi3-macosx_13_0_arm64.whl.metadata (19 kB)
Collecting fastapi>=0.95.1 (from mlx-vlm->mlx-ideogram4==0.1.0)
  Obtaining dependency information for fastapi>=0.95.1 from https://files.pythonhosted.org/packages/e0/82/45359b62a067409bd929ae8a56b8ed13e5a8c8a61194b3c236920999ab83/fastapi-0.136.3-py3-none-any.whl.metadata
  Downloading fastapi-0.136.3-py3-none-any.whl.metadata (27 kB)
Collecting starlette>=1.0.1 (from mlx-vlm->mlx-ideogram4==0.1.0)
  Obtaining dependency information for starlette>=1.0.1 from https://files.pythonhosted.org/packages/ec/bb/2799cc2ede3ed41131f8975621e7213dfc7ef4acbbaadfa440f32500c370/starlette-1.3.1-py3-none-any.whl.metadata
  Downloading starlette-1.3.1-py3-none-any.whl.metadata (6.4 kB)
Collecting uvicorn (from mlx-vlm->mlx-ideogram4==0.1.0)
  Obtaining dependency information for uvicorn from https://files.pythonhosted.org/packages/88/fa/e1388bbcf24ef3274f45c0c1c7b501fd14971037c1b6ee23610553307497/uvicorn-0.49.0-py3-none-any.whl.metadata
  Downloading uvicorn-0.49.0-py3-none-any.whl.metadata (6.7 kB)
Collecting pyarrow>=21.0.0 (from datasets>=2.19.1->mlx-vlm->mlx-ideogram4==0.1.0)
  Obtaining dependency information for pyarrow>=21.0.0 from https://files.pythonhosted.org/packages/62/c9/a47ab7ece0d86cbe6678418a0fbd1ac4bb493b9184a3891dfa0e7f287ae0/pyarrow-24.0.0-cp311-cp311-macosx_12_0_arm64.whl.metadata
  Downloading pyarrow-24.0.0-cp311-cp311-macosx_12_0_arm64.whl.metadata (3.0 kB)
Collecting dill<0.4.2,>=0.3.0 (from datasets>=2.19.1->mlx-vlm->mlx-ideogram4==0.1.0)
  Obtaining dependency information for dill<0.4.2,>=0.3.0 from https://files.pythonhosted.org/packages/1e/77/dc8c558f7593132cf8fefec57c4f60c83b16941c574ac5f619abb3ae7933/dill-0.4.1-py3-none-any.whl.metadata
  Downloading dill-0.4.1-py3-none-any.whl.metadata (10 kB)
Collecting pandas (from datasets>=2.19.1->mlx-vlm->mlx-ideogram4==0.1.0)
  Obtaining dependency information for pandas from https://files.pythonhosted.org/packages/5a/b0/a4ffc4ae74d2d822200dcc46898987d8eb6032d1e2b219cae39da6f5cbcc/pandas-3.0.3-cp311-cp311-macosx_11_0_arm64.whl.metadata
  Downloading pandas-3.0.3-cp311-cp311-macosx_11_0_arm64.whl.metadata (79 kB)
     ━━━━━━━━━━━━━━━━━━━━━━━━━━━━━━━━━━━━━━━━ 79.5/79.5 kB 15.7 MB/s eta 0:00:00
Collecting xxhash (from datasets>=2.19.1->mlx-vlm->mlx-ideogram4==0.1.0)
  Obtaining dependency information for xxhash from https://files.pythonhosted.org/packages/a3/26/4e00c88a6a2c8a759cfb77d2a9a405f901e8aa66e60ef1fd0aeb35edda48/xxhash-3.7.0-cp311-cp311-macosx_11_0_arm64.whl.metadata
  Downloading xxhash-3.7.0-cp311-cp311-macosx_11_0_arm64.whl.metadata (13 kB)
Collecting multiprocess<0.70.20 (from datasets>=2.19.1->mlx-vlm->mlx-ideogram4==0.1.0)
  Obtaining dependency information for multiprocess<0.70.20 from https://files.pythonhosted.org/packages/86/c2/dec9722dc3474c164a0b6bcd9a7ed7da542c98af8cabce05374abab35edd/multiprocess-0.70.19-py311-none-any.whl.metadata
  Downloading multiprocess-0.70.19-py311-none-any.whl.metadata (7.5 kB)
Collecting pydantic>=2.9.0 (from fastapi>=0.95.1->mlx-vlm->mlx-ideogram4==0.1.0)
  Obtaining dependency information for pydantic>=2.9.0 from https://files.pythonhosted.org/packages/fd/7b/122376b1fd3c62c1ed9dc80c931ace4844b3c55407b6fb2d199377c9736f/pydantic-2.13.4-py3-none-any.whl.metadata
  Downloading pydantic-2.13.4-py3-none-any.whl.metadata (109 kB)
     ━━━━━━━━━━━━━━━━━━━━━━━━━━━━━━━━━━━━━━━ 109.4/109.4 kB 4.5 MB/s eta 0:00:00
Collecting typing-inspection>=0.4.2 (from fastapi>=0.95.1->mlx-vlm->mlx-ideogram4==0.1.0)
  Obtaining dependency information for typing-inspection>=0.4.2 from https://files.pythonhosted.org/packages/dc/9b/47798a6c91d8bdb567fe2698fe81e0c6b7cb7ef4d13da4114b41d239f65d/typing_inspection-0.4.2-py3-none-any.whl.metadata
  Downloading typing_inspection-0.4.2-py3-none-any.whl.metadata (2.6 kB)
Collecting annotated-doc>=0.0.2 (from fastapi>=0.95.1->mlx-vlm->mlx-ideogram4==0.1.0)
  Obtaining dependency information for annotated-doc>=0.0.2 from https://files.pythonhosted.org/packages/1e/d3/26bf1008eb3d2daa8ef4cacc7f3bfdc11818d111f7e2d0201bc6e3b49d45/annotated_doc-0.0.4-py3-none-any.whl.metadata
  Downloading annotated_doc-0.0.4-py3-none-any.whl.metadata (6.6 kB)
Collecting anyio (from httpx<1,>=0.23.0->huggingface-hub->mlx-ideogram4==0.1.0)
  Obtaining dependency information for anyio from https://files.pythonhosted.org/packages/da/42/e921fccf5015463e32a3cf6ee7f980a6ed0f395ceeaa45060b61d86486c2/anyio-4.13.0-py3-none-any.whl.metadata
  Downloading anyio-4.13.0-py3-none-any.whl.metadata (4.5 kB)
Collecting certifi (from httpx<1,>=0.23.0->huggingface-hub->mlx-ideogram4==0.1.0)
  Obtaining dependency information for certifi from https://files.pythonhosted.org/packages/59/8c/57e832b7af6d7c5abe66eb3fbe3a3a32f4d11ea23a1aa7131371035be991/certifi-2026.5.20-py3-none-any.whl.metadata
  Downloading certifi-2026.5.20-py3-none-any.whl.metadata (2.5 kB)
Collecting httpcore==1.* (from httpx<1,>=0.23.0->huggingface-hub->mlx-ideogram4==0.1.0)
  Obtaining dependency information for httpcore==1.* from https://files.pythonhosted.org/packages/7e/f5/f66802a942d491edb555dd61e3a9961140fd64c90bce1eafd741609d334d/httpcore-1.0.9-py3-none-any.whl.metadata
  Downloading httpcore-1.0.9-py3-none-any.whl.metadata (21 kB)
Collecting idna (from httpx<1,>=0.23.0->huggingface-hub->mlx-ideogram4==0.1.0)
  Obtaining dependency information for idna from https://files.pythonhosted.org/packages/1e/5e/d4e9f1a599fb8e573b7b87160658329fbf28d19eac2718f51fc3def3aa5a/idna-3.18-py3-none-any.whl.metadata
  Downloading idna-3.18-py3-none-any.whl.metadata (6.1 kB)
Collecting h11>=0.16 (from httpcore==1.*->httpx<1,>=0.23.0->huggingface-hub->mlx-ideogram4==0.1.0)
  Obtaining dependency information for h11>=0.16 from https://files.pythonhosted.org/packages/04/4b/29cac41a4d98d144bf5f6d33995617b185d14b22401f75ca86f384e87ff1/h11-0.16.0-py3-none-any.whl.metadata
  Downloading h11-0.16.0-py3-none-any.whl.metadata (8.3 kB)
Collecting cffi>=1.12.0 (from miniaudio>=1.59->mlx-vlm->mlx-ideogram4==0.1.0)
  Obtaining dependency information for cffi>=1.12.0 from https://files.pythonhosted.org/packages/4f/8b/f0e4c441227ba756aafbe78f117485b25bb26b1c059d01f137fa6d14896b/cffi-2.0.0-cp311-cp311-macosx_11_0_arm64.whl.metadata
  Downloading cffi-2.0.0-cp311-cp311-macosx_11_0_arm64.whl.metadata (2.6 kB)
Collecting mlx-metal==0.31.2 (from mlx>=0.31.2->mlx-lm->mlx-ideogram4==0.1.0)
  Obtaining dependency information for mlx-metal==0.31.2 from https://files.pythonhosted.org/packages/99/82/11fd62a8d7a3e96e5c43220b17de0151e3f10101f8bb3b865f5bd9cdd074/mlx_metal-0.31.2-py3-none-macosx_26_0_arm64.whl.metadata
  Downloading mlx_metal-0.31.2-py3-none-macosx_26_0_arm64.whl.metadata (5.1 kB)
Collecting scipy>=1.10.0 (from mlx-audio>=0.4.3->mlx-vlm->mlx-ideogram4==0.1.0)
  Obtaining dependency information for scipy>=1.10.0 from https://files.pythonhosted.org/packages/6d/ee/18146b7757ed4976276b9c9819108adbc73c5aad636e5353e20746b73069/scipy-1.17.1-cp311-cp311-macosx_14_0_arm64.whl.metadata
  Downloading scipy-1.17.1-cp311-cp311-macosx_14_0_arm64.whl.metadata (62 kB)
     ━━━━━━━━━━━━━━━━━━━━━━━━━━━━━━━━━━━━━━━━ 62.1/62.1 kB 7.1 MB/s eta 0:00:00
Collecting sounddevice>=0.5.3 (from mlx-audio>=0.4.3->mlx-vlm->mlx-ideogram4==0.1.0)
  Obtaining dependency information for sounddevice>=0.5.3 from https://files.pythonhosted.org/packages/56/f9/c037c35f6d0b6bc3bc7bfb314f1d6f1f9a341328ef47cd63fc4f850a7b27/sounddevice-0.5.5-py3-none-macosx_10_6_x86_64.macosx_10_6_universal2.whl.metadata
  Downloading sounddevice-0.5.5-py3-none-macosx_10_6_x86_64.macosx_10_6_universal2.whl.metadata (1.4 kB)
Collecting charset_normalizer<4,>=2 (from requests>=2.31.0->mlx-vlm->mlx-ideogram4==0.1.0)
  Obtaining dependency information for charset_normalizer<4,>=2 from https://files.pythonhosted.org/packages/c2/d7/b5b7020a0565c2e9fa8c09f4b5fa6232feb326b8c20081ccded47ea368fd/charset_normalizer-3.4.7-cp311-cp311-macosx_10_9_universal2.whl.metadata
  Downloading charset_normalizer-3.4.7-cp311-cp311-macosx_10_9_universal2.whl.metadata (40 kB)
     ━━━━━━━━━━━━━━━━━━━━━━━━━━━━━━━━━━━━━━━━ 40.9/40.9 kB 7.1 MB/s eta 0:00:00
Collecting urllib3<3,>=1.26 (from requests>=2.31.0->mlx-vlm->mlx-ideogram4==0.1.0)
  Obtaining dependency information for urllib3<3,>=1.26 from https://files.pythonhosted.org/packages/7f/3e/5db95bcf282c52709639744ca2a8b149baccf648e39c8cc87553df9eae0c/urllib3-2.7.0-py3-none-any.whl.metadata
  Downloading urllib3-2.7.0-py3-none-any.whl.metadata (6.9 kB)
Collecting shellingham>=1.3.0 (from typer<0.26.0,>=0.20.0->huggingface-hub->mlx-ideogram4==0.1.0)
  Obtaining dependency information for shellingham>=1.3.0 from https://files.pythonhosted.org/packages/e0/f9/0595336914c5619e5f28a1fb793285925a8cd4b432c9da0a987836c7f822/shellingham-1.5.4-py2.py3-none-any.whl.metadata
  Downloading shellingham-1.5.4-py2.py3-none-any.whl.metadata (3.5 kB)
Collecting rich>=13.8.0 (from typer<0.26.0,>=0.20.0->huggingface-hub->mlx-ideogram4==0.1.0)
  Obtaining dependency information for rich>=13.8.0 from https://files.pythonhosted.org/packages/82/3b/64d4899d73f91ba49a8c18a8ff3f0ea8f1c1d75481760df8c68ef5235bf5/rich-15.0.0-py3-none-any.whl.metadata
  Downloading rich-15.0.0-py3-none-any.whl.metadata (18 kB)
Collecting MarkupSafe>=2.0 (from jinja2->mlx-lm->mlx-ideogram4==0.1.0)
  Obtaining dependency information for MarkupSafe>=2.0 from https://files.pythonhosted.org/packages/e1/2e/5898933336b61975ce9dc04decbc0a7f2fee78c30353c5efba7f2d6ff27a/markupsafe-3.0.3-cp311-cp311-macosx_11_0_arm64.whl.metadata
  Downloading markupsafe-3.0.3-cp311-cp311-macosx_11_0_arm64.whl.metadata (2.7 kB)
Collecting pycparser (from cffi>=1.12.0->miniaudio>=1.59->mlx-vlm->mlx-ideogram4==0.1.0)
  Obtaining dependency information for pycparser from https://files.pythonhosted.org/packages/0c/c3/44f3fbbfa403ea2a7c779186dc20772604442dde72947e7d01069cbe98e3/pycparser-3.0-py3-none-any.whl.metadata
  Downloading pycparser-3.0-py3-none-any.whl.metadata (8.2 kB)
Collecting aiohttp!=4.0.0a0,!=4.0.0a1 (from fsspec>=2023.5.0->huggingface-hub->mlx-ideogram4==0.1.0)
  Obtaining dependency information for aiohttp!=4.0.0a0,!=4.0.0a1 from https://files.pythonhosted.org/packages/5b/e7/c60c7b209e509cc787de3cea0550a518538cfc08003e1c1e14c1c63fff71/aiohttp-3.14.1-cp311-cp311-macosx_11_0_arm64.whl.metadata
  Downloading aiohttp-3.14.1-cp311-cp311-macosx_11_0_arm64.whl.metadata (8.3 kB)
Collecting annotated-types>=0.6.0 (from pydantic>=2.9.0->fastapi>=0.95.1->mlx-vlm->mlx-ideogram4==0.1.0)
  Obtaining dependency information for annotated-types>=0.6.0 from https://files.pythonhosted.org/packages/78/b6/6307fbef88d9b5ee7421e68d78a9f162e0da4900bc5f5793f6d3d0e34fb8/annotated_types-0.7.0-py3-none-any.whl.metadata
  Downloading annotated_types-0.7.0-py3-none-any.whl.metadata (15 kB)
Collecting pydantic-core==2.46.4 (from pydantic>=2.9.0->fastapi>=0.95.1->mlx-vlm->mlx-ideogram4==0.1.0)
  Obtaining dependency information for pydantic-core==2.46.4 from https://files.pythonhosted.org/packages/ae/6f/aa064a3e74b5745afbdf250594f38e7ead05e2d651bcb35994b9417a0d4d/pydantic_core-2.46.4-cp311-cp311-macosx_11_0_arm64.whl.metadata
  Downloading pydantic_core-2.46.4-cp311-cp311-macosx_11_0_arm64.whl.metadata (6.6 kB)
Collecting markdown-it-py>=2.2.0 (from rich>=13.8.0->typer<0.26.0,>=0.20.0->huggingface-hub->mlx-ideogram4==0.1.0)
  Obtaining dependency information for markdown-it-py>=2.2.0 from https://files.pythonhosted.org/packages/b3/81/4da04ced5a082363ecfa159c010d200ecbd959ae410c10c0264a38cac0f5/markdown_it_py-4.2.0-py3-none-any.whl.metadata
  Downloading markdown_it_py-4.2.0-py3-none-any.whl.metadata (7.4 kB)
Collecting pygments<3.0.0,>=2.13.0 (from rich>=13.8.0->typer<0.26.0,>=0.20.0->huggingface-hub->mlx-ideogram4==0.1.0)
  Obtaining dependency information for pygments<3.0.0,>=2.13.0 from https://files.pythonhosted.org/packages/f4/7e/a72dd26f3b0f4f2bf1dd8923c85f7ceb43172af56d63c7383eb62b332364/pygments-2.20.0-py3-none-any.whl.metadata
  Downloading pygments-2.20.0-py3-none-any.whl.metadata (2.5 kB)
Collecting python-dateutil>=2.8.2 (from pandas->datasets>=2.19.1->mlx-vlm->mlx-ideogram4==0.1.0)
  Obtaining dependency information for python-dateutil>=2.8.2 from https://files.pythonhosted.org/packages/ec/57/56b9bcc3c9c6a792fcbaf139543cee77261f3651ca9da0c93f5c1221264b/python_dateutil-2.9.0.post0-py2.py3-none-any.whl.metadata
  Downloading python_dateutil-2.9.0.post0-py2.py3-none-any.whl.metadata (8.4 kB)
Collecting aiohappyeyeballs>=2.5.0 (from aiohttp!=4.0.0a0,!=4.0.0a1->fsspec>=2023.5.0->huggingface-hub->mlx-ideogram4==0.1.0)
  Obtaining dependency information for aiohappyeyeballs>=2.5.0 from https://files.pythonhosted.org/packages/5f/fc/a7bf5b6e4e617b45f90f2d9d2a68519c249c81dd4fc2658c7a2a61c4f4b7/aiohappyeyeballs-2.6.2-py3-none-any.whl.metadata
  Downloading aiohappyeyeballs-2.6.2-py3-none-any.whl.metadata (5.9 kB)
Collecting aiosignal>=1.4.0 (from aiohttp!=4.0.0a0,!=4.0.0a1->fsspec>=2023.5.0->huggingface-hub->mlx-ideogram4==0.1.0)
  Obtaining dependency information for aiosignal>=1.4.0 from https://files.pythonhosted.org/packages/fb/76/641ae371508676492379f16e2fa48f4e2c11741bd63c48be4b12a6b09cba/aiosignal-1.4.0-py3-none-any.whl.metadata
  Downloading aiosignal-1.4.0-py3-none-any.whl.metadata (3.7 kB)
Collecting attrs>=17.3.0 (from aiohttp!=4.0.0a0,!=4.0.0a1->fsspec>=2023.5.0->huggingface-hub->mlx-ideogram4==0.1.0)
  Obtaining dependency information for attrs>=17.3.0 from https://files.pythonhosted.org/packages/64/b4/17d4b0b2a2dc85a6df63d1157e028ed19f90d4cd97c36717afef2bc2f395/attrs-26.1.0-py3-none-any.whl.metadata
  Downloading attrs-26.1.0-py3-none-any.whl.metadata (8.8 kB)
Collecting frozenlist>=1.1.1 (from aiohttp!=4.0.0a0,!=4.0.0a1->fsspec>=2023.5.0->huggingface-hub->mlx-ideogram4==0.1.0)
  Obtaining dependency information for frozenlist>=1.1.1 from https://files.pythonhosted.org/packages/6e/ef/0e8f1fe32f8a53dd26bdd1f9347efe0778b0fddf62789ea683f4cc7d787d/frozenlist-1.8.0-cp311-cp311-macosx_11_0_arm64.whl.metadata
  Downloading frozenlist-1.8.0-cp311-cp311-macosx_11_0_arm64.whl.metadata (20 kB)
Collecting multidict<7.0,>=4.5 (from aiohttp!=4.0.0a0,!=4.0.0a1->fsspec>=2023.5.0->huggingface-hub->mlx-ideogram4==0.1.0)
  Obtaining dependency information for multidict<7.0,>=4.5 from https://files.pythonhosted.org/packages/dd/a4/d45caf2b97b035c57267791ecfaafbd59c68212004b3842830954bb4b02e/multidict-6.7.1-cp311-cp311-macosx_11_0_arm64.whl.metadata
  Downloading multidict-6.7.1-cp311-cp311-macosx_11_0_arm64.whl.metadata (5.3 kB)
Collecting propcache>=0.2.0 (from aiohttp!=4.0.0a0,!=4.0.0a1->fsspec>=2023.5.0->huggingface-hub->mlx-ideogram4==0.1.0)
  Obtaining dependency information for propcache>=0.2.0 from https://files.pythonhosted.org/packages/15/a8/8ede85d6aa1f79fc7dc2f8fd2c8d65920b8272c3892903c8a1affde48cfb/propcache-0.5.2-cp311-cp311-macosx_11_0_arm64.whl.metadata
  Downloading propcache-0.5.2-cp311-cp311-macosx_11_0_arm64.whl.metadata (16 kB)
Collecting yarl<2.0,>=1.17.0 (from aiohttp!=4.0.0a0,!=4.0.0a1->fsspec>=2023.5.0->huggingface-hub->mlx-ideogram4==0.1.0)
  Obtaining dependency information for yarl<2.0,>=1.17.0 from https://files.pythonhosted.org/packages/31/d0/1fb0c1cd27288f39f6974da4318c32768d72c9890984541fdf1e2e32a51d/yarl-1.24.2-cp311-cp311-macosx_11_0_arm64.whl.metadata
  Downloading yarl-1.24.2-cp311-cp311-macosx_11_0_arm64.whl.metadata (94 kB)
     ━━━━━━━━━━━━━━━━━━━━━━━━━━━━━━━━━━━━━━━━ 94.2/94.2 kB 4.5 MB/s eta 0:00:00
Collecting mdurl~=0.1 (from markdown-it-py>=2.2.0->rich>=13.8.0->typer<0.26.0,>=0.20.0->huggingface-hub->mlx-ideogram4==0.1.0)
  Obtaining dependency information for mdurl~=0.1 from https://files.pythonhosted.org/packages/b3/38/89ba8ad64ae25be8de66a6d463314cf1eb366222074cfda9ee839c56a4b4/mdurl-0.1.2-py3-none-any.whl.metadata
  Downloading mdurl-0.1.2-py3-none-any.whl.metadata (1.6 kB)
Collecting six>=1.5 (from python-dateutil>=2.8.2->pandas->datasets>=2.19.1->mlx-vlm->mlx-ideogram4==0.1.0)
  Obtaining dependency information for six>=1.5 from https://files.pythonhosted.org/packages/b7/ce/149a00dd41f10bc29e5921b496af8b574d8413afcd5e30dfa0ed46c2cc5e/six-1.17.0-py2.py3-none-any.whl.metadata
  Downloading six-1.17.0-py2.py3-none-any.whl.metadata (1.7 kB)
Downloading huggingface_hub-1.19.0-py3-none-any.whl (693 kB)
   ━━━━━━━━━━━━━━━━━━━━━━━━━━━━━━━━━━━━━━━━ 693.4/693.4 kB 7.0 MB/s eta 0:00:00
Downloading tqdm-4.68.2-py3-none-any.whl (78 kB)
   ━━━━━━━━━━━━━━━━━━━━━━━━━━━━━━━━━━━━━━━━ 78.6/78.6 kB 9.2 MB/s eta 0:00:00
Downloading mlx_lm-0.31.3-py3-none-any.whl (408 kB)
   ━━━━━━━━━━━━━━━━━━━━━━━━━━━━━━━━━━━━━━━━ 408.9/408.9 kB 7.3 MB/s eta 0:00:00
Downloading transformers-5.12.0-py3-none-any.whl (11.2 MB)
   ━━━━━━━━━━━━━━━━━━━━━━━━━━━━━━━━━━━━━━━━ 11.2/11.2 MB 6.5 MB/s eta 0:00:00
Downloading numpy-2.4.6-cp311-cp311-macosx_14_0_arm64.whl (5.5 MB)
   ━━━━━━━━━━━━━━━━━━━━━━━━━━━━━━━━━━━━━━━━ 5.5/5.5 MB 8.4 MB/s eta 0:00:00
Downloading safetensors-0.8.0-cp310-abi3-macosx_11_0_arm64.whl (484 kB)
   ━━━━━━━━━━━━━━━━━━━━━━━━━━━━━━━━━━━━━━━━ 484.6/484.6 kB 7.1 MB/s eta 0:00:00
Downloading mlx_vlm-0.6.3-py3-none-any.whl (1.6 MB)
   ━━━━━━━━━━━━━━━━━━━━━━━━━━━━━━━━━━━━━━━━ 1.6/1.6 MB 9.2 MB/s eta 0:00:00
Downloading pillow-12.2.0-cp311-cp311-macosx_11_0_arm64.whl (4.7 MB)
   ━━━━━━━━━━━━━━━━━━━━━━━━━━━━━━━━━━━━━━━━ 4.7/4.7 MB 8.4 MB/s eta 0:00:00
Downloading click-8.4.1-py3-none-any.whl (116 kB)
   ━━━━━━━━━━━━━━━━━━━━━━━━━━━━━━━━━━━━━━━━ 116.6/116.6 kB 16.7 MB/s eta 0:00:00
Downloading datasets-5.0.0-py3-none-any.whl (555 kB)
   ━━━━━━━━━━━━━━━━━━━━━━━━━━━━━━━━━━━━━━━━ 555.1/555.1 kB 7.5 MB/s eta 0:00:00
Downloading fastapi-0.136.3-py3-none-any.whl (117 kB)
   ━━━━━━━━━━━━━━━━━━━━━━━━━━━━━━━━━━━━━━━━ 117.5/117.5 kB 7.5 MB/s eta 0:00:00
Downloading filelock-3.29.4-py3-none-any.whl (42 kB)
   ━━━━━━━━━━━━━━━━━━━━━━━━━━━━━━━━━━━━━━━━ 42.8/42.8 kB 5.7 MB/s eta 0:00:00
Downloading fsspec-2026.4.0-py3-none-any.whl (203 kB)
   ━━━━━━━━━━━━━━━━━━━━━━━━━━━━━━━━━━━━━━━━ 203.4/203.4 kB 23.4 MB/s eta 0:00:00
Downloading hf_xet-1.5.1-cp37-abi3-macosx_11_0_arm64.whl (3.8 MB)
   ━━━━━━━━━━━━━━━━━━━━━━━━━━━━━━━━━━━━━━━━ 3.8/3.8 MB 7.6 MB/s eta 0:00:00
Downloading httpx-0.28.1-py3-none-any.whl (73 kB)
   ━━━━━━━━━━━━━━━━━━━━━━━━━━━━━━━━━━━━━━━━ 73.5/73.5 kB 4.3 MB/s eta 0:00:00
Downloading httpcore-1.0.9-py3-none-any.whl (78 kB)
   ━━━━━━━━━━━━━━━━━━━━━━━━━━━━━━━━━━━━━━━━ 78.8/78.8 kB 5.1 MB/s eta 0:00:00
Downloading llguidance-1.7.6-cp39-abi3-macosx_11_0_arm64.whl (3.1 MB)
   ━━━━━━━━━━━━━━━━━━━━━━━━━━━━━━━━━━━━━━━━ 3.1/3.1 MB 8.5 MB/s eta 0:00:00
Downloading miniaudio-1.71-cp311-cp311-macosx_11_0_arm64.whl (351 kB)
   ━━━━━━━━━━━━━━━━━━━━━━━━━━━━━━━━━━━━━━━━ 351.4/351.4 kB 6.4 MB/s eta 0:00:00
Downloading mlx-0.31.2-cp311-cp311-macosx_26_0_arm64.whl (587 kB)
   ━━━━━━━━━━━━━━━━━━━━━━━━━━━━━━━━━━━━━━━━ 587.0/587.0 kB 9.7 MB/s eta 0:00:00
Downloading mlx_metal-0.31.2-py3-none-macosx_26_0_arm64.whl (55.8 MB)
   ━━━━━━━━━━━━━━━━━━━━━━━━━━━━━━━━━━━━━━━━ 55.8/55.8 MB 3.5 MB/s eta 0:00:00
Downloading mlx_audio-0.4.4-py3-none-any.whl (1.7 MB)
   ━━━━━━━━━━━━━━━━━━━━━━━━━━━━━━━━━━━━━━━━ 1.7/1.7 MB 4.5 MB/s eta 0:00:00
Downloading opencv_python-4.13.0.92-cp37-abi3-macosx_13_0_arm64.whl (46.2 MB)
   ━━━━━━━━━━━━━━━━━━━━━━━━━━━━━━━━━━━━━━━━ 46.2/46.2 MB 6.6 MB/s eta 0:00:00
Using cached packaging-26.2-py3-none-any.whl (100 kB)
Downloading pyyaml-6.0.3-cp311-cp311-macosx_11_0_arm64.whl (175 kB)
   ━━━━━━━━━━━━━━━━━━━━━━━━━━━━━━━━━━━━━━━━ 175.6/175.6 kB 6.7 MB/s eta 0:00:00
Downloading regex-2026.5.9-cp311-cp311-macosx_11_0_arm64.whl (289 kB)
   ━━━━━━━━━━━━━━━━━━━━━━━━━━━━━━━━━━━━━━━━ 289.2/289.2 kB 6.6 MB/s eta 0:00:00
Downloading requests-2.34.2-py3-none-any.whl (73 kB)
   ━━━━━━━━━━━━━━━━━━━━━━━━━━━━━━━━━━━━━━━━ 73.1/73.1 kB 8.0 MB/s eta 0:00:00
Downloading starlette-1.3.1-py3-none-any.whl (73 kB)
   ━━━━━━━━━━━━━━━━━━━━━━━━━━━━━━━━━━━━━━━━ 73.6/73.6 kB 9.3 MB/s eta 0:00:00
Downloading tokenizers-0.22.2-cp39-abi3-macosx_11_0_arm64.whl (3.0 MB)
   ━━━━━━━━━━━━━━━━━━━━━━━━━━━━━━━━━━━━━━━━ 3.0/3.0 MB 7.1 MB/s eta 0:00:00
Downloading typer-0.25.1-py3-none-any.whl (58 kB)
   ━━━━━━━━━━━━━━━━━━━━━━━━━━━━━━━━━━━━━━━━ 58.4/58.4 kB 1.2 MB/s eta 0:00:00
Downloading typing_extensions-4.15.0-py3-none-any.whl (44 kB)
   ━━━━━━━━━━━━━━━━━━━━━━━━━━━━━━━━━━━━━━━━ 44.6/44.6 kB 2.6 MB/s eta 0:00:00
Downloading jinja2-3.1.6-py3-none-any.whl (134 kB)
   ━━━━━━━━━━━━━━━━━━━━━━━━━━━━━━━━━━━━━━━ 134.9/134.9 kB 629.5 kB/s eta 0:00:00
Downloading protobuf-7.35.1-cp310-abi3-macosx_10_9_universal2.whl (433 kB)
   ━━━━━━━━━━━━━━━━━━━━━━━━━━━━━━━━━━━━━━━━ 433.2/433.2 kB 2.1 MB/s eta 0:00:00
Downloading sentencepiece-0.2.1-cp311-cp311-macosx_11_0_arm64.whl (1.3 MB)
   ━━━━━━━━━━━━━━━━━━━━━━━━━━━━━━━━━━━━━━━━ 1.3/1.3 MB 3.1 MB/s eta 0:00:00
Downloading uvicorn-0.49.0-py3-none-any.whl (71 kB)
   ━━━━━━━━━━━━━━━━━━━━━━━━━━━━━━━━━━━━━━━━ 71.4/71.4 kB 1.9 MB/s eta 0:00:00
Downloading annotated_doc-0.0.4-py3-none-any.whl (5.3 kB)
Downloading anyio-4.13.0-py3-none-any.whl (114 kB)
   ━━━━━━━━━━━━━━━━━━━━━━━━━━━━━━━━━━━━━━━━ 114.4/114.4 kB 2.4 MB/s eta 0:00:00
Downloading certifi-2026.5.20-py3-none-any.whl (134 kB)
   ━━━━━━━━━━━━━━━━━━━━━━━━━━━━━━━━━━━━━━━━ 134.1/134.1 kB 3.4 MB/s eta 0:00:00
Downloading cffi-2.0.0-cp311-cp311-macosx_11_0_arm64.whl (180 kB)
   ━━━━━━━━━━━━━━━━━━━━━━━━━━━━━━━━━━━━━━━━ 180.6/180.6 kB 6.5 MB/s eta 0:00:00
Downloading charset_normalizer-3.4.7-cp311-cp311-macosx_10_9_universal2.whl (309 kB)
   ━━━━━━━━━━━━━━━━━━━━━━━━━━━━━━━━━━━━━━━━ 309.7/309.7 kB 6.3 MB/s eta 0:00:00
Downloading dill-0.4.1-py3-none-any.whl (120 kB)
   ━━━━━━━━━━━━━━━━━━━━━━━━━━━━━━━━━━━━━━━━ 120.0/120.0 kB 8.5 MB/s eta 0:00:00
Downloading h11-0.16.0-py3-none-any.whl (37 kB)
Downloading idna-3.18-py3-none-any.whl (65 kB)
   ━━━━━━━━━━━━━━━━━━━━━━━━━━━━━━━━━━━━━━━━ 65.5/65.5 kB 2.1 MB/s eta 0:00:00
Downloading markupsafe-3.0.3-cp311-cp311-macosx_11_0_arm64.whl (12 kB)
Downloading multiprocess-0.70.19-py311-none-any.whl (144 kB)
   ━━━━━━━━━━━━━━━━━━━━━━━━━━━━━━━━━━━━━━━━ 144.5/144.5 kB 5.5 MB/s eta 0:00:00
Downloading pyarrow-24.0.0-cp311-cp311-macosx_12_0_arm64.whl (35.1 MB)
   ━━━━━━━━━━━━━━━━━━━━━━━━━━━━━━━━━━━━━━━━ 35.1/35.1 MB 3.6 MB/s eta 0:00:00
Downloading pydantic-2.13.4-py3-none-any.whl (472 kB)
   ━━━━━━━━━━━━━━━━━━━━━━━━━━━━━━━━━━━━━━━━ 472.3/472.3 kB 7.2 MB/s eta 0:00:00
Downloading pydantic_core-2.46.4-cp311-cp311-macosx_11_0_arm64.whl (1.9 MB)
   ━━━━━━━━━━━━━━━━━━━━━━━━━━━━━━━━━━━━━━━━ 1.9/1.9 MB 10.5 MB/s eta 0:00:00
Downloading rich-15.0.0-py3-none-any.whl (310 kB)
   ━━━━━━━━━━━━━━━━━━━━━━━━━━━━━━━━━━━━━━━━ 310.7/310.7 kB 9.5 MB/s eta 0:00:00
Downloading scipy-1.17.1-cp311-cp311-macosx_14_0_arm64.whl (20.3 MB)
   ━━━━━━━━━━━━━━━━━━━━━━━━━━━━━━━━━━━━━━━━ 20.3/20.3 MB 10.9 MB/s eta 0:00:00
Downloading shellingham-1.5.4-py2.py3-none-any.whl (9.8 kB)
Downloading sounddevice-0.5.5-py3-none-macosx_10_6_x86_64.macosx_10_6_universal2.whl (108 kB)
   ━━━━━━━━━━━━━━━━━━━━━━━━━━━━━━━━━━━━━━━━ 108.6/108.6 kB 9.8 MB/s eta 0:00:00
Downloading typing_inspection-0.4.2-py3-none-any.whl (14 kB)
Downloading urllib3-2.7.0-py3-none-any.whl (131 kB)
   ━━━━━━━━━━━━━━━━━━━━━━━━━━━━━━━━━━━━━━━━ 131.1/131.1 kB 8.7 MB/s eta 0:00:00
Downloading pandas-3.0.3-cp311-cp311-macosx_11_0_arm64.whl (9.9 MB)
   ━━━━━━━━━━━━━━━━━━━━━━━━━━━━━━━━━━━━━━━━ 9.9/9.9 MB 10.0 MB/s eta 0:00:00
Downloading xxhash-3.7.0-cp311-cp311-macosx_11_0_arm64.whl (30 kB)
Downloading aiohttp-3.14.1-cp311-cp311-macosx_11_0_arm64.whl (514 kB)
   ━━━━━━━━━━━━━━━━━━━━━━━━━━━━━━━━━━━━━━━━ 514.1/514.1 kB 7.1 MB/s eta 0:00:00
Downloading annotated_types-0.7.0-py3-none-any.whl (13 kB)
Downloading markdown_it_py-4.2.0-py3-none-any.whl (91 kB)
   ━━━━━━━━━━━━━━━━━━━━━━━━━━━━━━━━━━━━━━━━ 91.7/91.7 kB 3.1 MB/s eta 0:00:00
Downloading pygments-2.20.0-py3-none-any.whl (1.2 MB)
   ━━━━━━━━━━━━━━━━━━━━━━━━━━━━━━━━━━━━━━━━ 1.2/1.2 MB 8.4 MB/s eta 0:00:00
Downloading python_dateutil-2.9.0.post0-py2.py3-none-any.whl (229 kB)
   ━━━━━━━━━━━━━━━━━━━━━━━━━━━━━━━━━━━━━━━━ 229.9/229.9 kB 19.0 MB/s eta 0:00:00
Downloading pycparser-3.0-py3-none-any.whl (48 kB)
   ━━━━━━━━━━━━━━━━━━━━━━━━━━━━━━━━━━━━━━━━ 48.2/48.2 kB 5.6 MB/s eta 0:00:00
Downloading aiohappyeyeballs-2.6.2-py3-none-any.whl (15 kB)
Downloading aiosignal-1.4.0-py3-none-any.whl (7.5 kB)
Downloading attrs-26.1.0-py3-none-any.whl (67 kB)
   ━━━━━━━━━━━━━━━━━━━━━━━━━━━━━━━━━━━━━━━━ 67.5/67.5 kB 6.2 MB/s eta 0:00:00
Downloading frozenlist-1.8.0-cp311-cp311-macosx_11_0_arm64.whl (50 kB)
   ━━━━━━━━━━━━━━━━━━━━━━━━━━━━━━━━━━━━━━━━ 50.1/50.1 kB 3.6 MB/s eta 0:00:00
Downloading mdurl-0.1.2-py3-none-any.whl (10.0 kB)
Downloading multidict-6.7.1-cp311-cp311-macosx_11_0_arm64.whl (44 kB)
   ━━━━━━━━━━━━━━━━━━━━━━━━━━━━━━━━━━━━━━━━ 44.4/44.4 kB 3.7 MB/s eta 0:00:00
Downloading propcache-0.5.2-cp311-cp311-macosx_11_0_arm64.whl (52 kB)
   ━━━━━━━━━━━━━━━━━━━━━━━━━━━━━━━━━━━━━━━━ 52.8/52.8 kB 3.8 MB/s eta 0:00:00
Downloading six-1.17.0-py2.py3-none-any.whl (11 kB)
Downloading yarl-1.24.2-cp311-cp311-macosx_11_0_arm64.whl (91 kB)
   ━━━━━━━━━━━━━━━━━━━━━━━━━━━━━━━━━━━━━━━━ 91.3/91.3 kB 5.0 MB/s eta 0:00:00
Building wheels for collected packages: mlx-ideogram4
  Building editable for mlx-ideogram4 (pyproject.toml): started
  Building editable for mlx-ideogram4 (pyproject.toml): finished with status 'done'
  Created wheel for mlx-ideogram4: filename=mlx_ideogram4-0.1.0-0.editable-py3-none-any.whl size=7626 sha256=b466dc245603422f2dc734616d028c884b04ecca5779854b48b975498a51aecb
  Stored in directory: /private/var/folders/jf/gd265msn2_qbpy0pbmksttzh0000gn/T/pip-ephem-wheel-cache-khy7rzxb/wheels/4a/37/71/2d72637f9511d4b5a63b9c56fde666e8b121fe07d30ff4fa5a
Successfully built mlx-ideogram4
Installing collected packages: xxhash, urllib3, typing-extensions, tqdm, six, shellingham, sentencepiece, safetensors, regex, pyyaml, pygments, pycparser, pyarrow, protobuf, propcache, pillow, packaging, numpy, multidict, mlx-metal, mdurl, MarkupSafe, llguidance, idna, hf-xet, h11, fsspec, frozenlist, filelock, dill, click, charset_normalizer, certifi, attrs, annotated-types, annotated-doc, aiohappyeyeballs, yarl, uvicorn, typing-inspection, scipy, requests, python-dateutil, pydantic-core, opencv-python, multiprocess, mlx, markdown-it-py, jinja2, httpcore, cffi, anyio, aiosignal, starlette, sounddevice, rich, pydantic, pandas, miniaudio, httpx, aiohttp, typer, fastapi, huggingface-hub, tokenizers, datasets, transformers, mlx-lm, mlx-audio, mlx-vlm, mlx-ideogram4
Successfully installed MarkupSafe-3.0.3 aiohappyeyeballs-2.6.2 aiohttp-3.14.1 aiosignal-1.4.0 annotated-doc-0.0.4 annotated-types-0.7.0 anyio-4.13.0 attrs-26.1.0 certifi-2026.5.20 cffi-2.0.0 charset_normalizer-3.4.7 click-8.4.1 datasets-5.0.0 dill-0.4.1 fastapi-0.136.3 filelock-3.29.4 frozenlist-1.8.0 fsspec-2026.4.0 h11-0.16.0 hf-xet-1.5.1 httpcore-1.0.9 httpx-0.28.1 huggingface-hub-1.19.0 idna-3.18 jinja2-3.1.6 llguidance-1.7.6 markdown-it-py-4.2.0 mdurl-0.1.2 miniaudio-1.71 mlx-0.31.2 mlx-audio-0.4.4 mlx-ideogram4-0.1.0 mlx-lm-0.31.3 mlx-metal-0.31.2 mlx-vlm-0.6.3 multidict-6.7.1 multiprocess-0.70.19 numpy-2.4.6 opencv-python-4.13.0.92 packaging-26.2 pandas-3.0.3 pillow-12.2.0 propcache-0.5.2 protobuf-7.35.1 pyarrow-24.0.0 pycparser-3.0 pydantic-2.13.4 pydantic-core-2.46.4 pygments-2.20.0 python-dateutil-2.9.0.post0 pyyaml-6.0.3 regex-2026.5.9 requests-2.34.2 rich-15.0.0 safetensors-0.8.0 scipy-1.17.1 sentencepiece-0.2.1 shellingham-1.5.4 six-1.17.0 sounddevice-0.5.5 starlette-1.3.1 tokenizers-0.22.2 tqdm-4.68.2 transformers-5.12.0 typer-0.25.1 typing-extensions-4.15.0 typing-inspection-0.4.2 urllib3-2.7.0 uvicorn-0.49.0 xxhash-3.7.0 yarl-1.24.2

[notice] A new release of pip is available: 23.2.1 -> 26.1.2
[notice] To update, run: /private/tmp/nlm2pr-macos26-m2pro16gb-clean-pull-20260614T021404Z/.venv/bin/python -m pip install --upgrade pip
